<?xml version="1.0" encoding="UTF-8"?>
<coverage generated="1747416291246" clover="3.2.0">
  <project timestamp="1747416291246" name="All files">
    <metrics statements="3" coveredstatements="3" conditionals="0" coveredconditionals="0" methods="2" coveredmethods="2" elements="5" coveredelements="5" complexity="0" loc="3" ncloc="3" packages="1" files="2" classes="2"/>
    <file name="PlayerCard.tsx" path="D:\Development\GitHub Repos\goCommander\components\PlayerCard.tsx">
      <metrics statements="2" coveredstatements="2" conditionals="0" coveredconditionals="0" methods="1" coveredmethods="1"/>
      <line num="8" count="1" type="stmt"/>
      <line num="9" count="8" type="stmt"/>
    </file>
    <file name="PlayerContainer.tsx" path="D:\Development\GitHub Repos\goCommander\components\PlayerContainer.tsx">
      <metrics statements="1" coveredstatements="1" conditionals="0" coveredconditionals="0" methods="1" coveredmethods="1"/>
      <line num="5" count="2" type="stmt"/>
    </file>
  </project>
</coverage>
