{"D:\\Development\\GitHub Repos\\goCommander\\components\\PlayerCard.tsx": {"path":"D:\\Development\\GitHub Repos\\goCommander\\components\\PlayerCard.tsx","statementMap":{"0":{"start":{"line":8,"column":46},"end":{"line":17,"column":1}},"1":{"start":{"line":9,"column":2},"end":{"line":16,"column":4}}},"fnMap":{"0":{"name":"(anonymous_0)","decl":{"start":{"line":8,"column":46},"end":{"line":8,"column":47}},"loc":{"start":{"line":8,"column":62},"end":{"line":17,"column":1}},"line":8}},"branchMap":{},"s":{"0":1,"1":8},"f":{"0":8},"b":{},"_coverageSchema":"1a1c01bbd47fc00a2c39e90264f33305004495a9","hash":"f3630badc4b976b020114764647867a73ea02a23"}
,"D:\\Development\\GitHub Repos\\goCommander\\components\\PlayerContainer.tsx": {"path":"D:\\Development\\GitHub Repos\\goCommander\\components\\PlayerContainer.tsx","statementMap":{"0":{"start":{"line":5,"column":2},"end":{"line":22,"column":4}}},"fnMap":{"0":{"name":"PlayerContainer","decl":{"start":{"line":4,"column":24},"end":{"line":4,"column":39}},"loc":{"start":{"line":4,"column":42},"end":{"line":23,"column":1}},"line":4}},"branchMap":{},"s":{"0":2},"f":{"0":2},"b":{},"_coverageSchema":"1a1c01bbd47fc00a2c39e90264f33305004495a9","hash":"5b4612748a9d63fc526bf5f8bac3ce6206f46dab"}
}
